<?xml version="1.0" encoding="UTF-8"?>
<testng-results skipped="0" failed="1" ignored="1" total="9" passed="7">
  <reporter-output>
  </reporter-output>
  <suite name="用户管理系统测试套件" duration-ms="8524" started-at="2022-04-09T18:01:20 CST" finished-at="2022-04-09T18:01:28 CST">
    <groups>
      <group name="loginTrue">
        <method signature="LoginTest.loginTrue()[pri:0, instance:com.tester.cases.LoginTest@50c87b21]" name="loginTrue" class="com.tester.cases.LoginTest"/>
        <method signature="LoginTest.loginTrue()[pri:0, instance:com.tester.cases.LoginTest@26be92ad]" name="loginTrue" class="com.tester.cases.LoginTest"/>
      </group> <!-- loginTrue -->
    </groups>
    <test name="用户管理系统测试用例" duration-ms="8442" started-at="2022-04-09T18:01:20 CST" finished-at="2022-04-09T18:01:28 CST">
      <class name="com.tester.cases.LoginTest">
        <test-method status="PASS" signature="beforeTest()[pri:0, instance:com.tester.cases.LoginTest@50c87b21]" name="beforeTest" is-config="true" duration-ms="21" started-at="2022-04-09T18:01:20 CST" finished-at="2022-04-09T18:01:20 CST">
          <reporter-output>
          </reporter-output>
        </test-method> <!-- beforeTest -->
        <test-method status="PASS" signature="loginTrue()[pri:0, instance:com.tester.cases.LoginTest@50c87b21]" name="loginTrue" duration-ms="1099" started-at="2022-04-09T18:01:20 CST" description="用户成功登陆接口" finished-at="2022-04-09T18:01:21 CST">
          <reporter-output>
          </reporter-output>
        </test-method> <!-- loginTrue -->
        <test-method status="PASS" signature="loginFalse()[pri:0, instance:com.tester.cases.LoginTest@50c87b21]" name="loginFalse" duration-ms="43" started-at="2022-04-09T18:01:21 CST" description="用户登陆失败接口" finished-at="2022-04-09T18:01:21 CST">
          <reporter-output>
          </reporter-output>
        </test-method> <!-- loginFalse -->
      </class> <!-- com.tester.cases.LoginTest -->
      <class name="com.tester.cases.UpdateUserInfoTest">
        <test-method status="PASS" signature="updateUserInfo()[pri:0, instance:com.tester.cases.UpdateUserInfoTest@6cc4c815]" name="updateUserInfo" duration-ms="3065" depends-on-groups="loginTrue" started-at="2022-04-09T18:01:22 CST" description="更改用户信息" finished-at="2022-04-09T18:01:25 CST">
          <reporter-output>
          </reporter-output>
        </test-method> <!-- updateUserInfo -->
        <test-method status="PASS" signature="deleteUser()[pri:0, instance:com.tester.cases.UpdateUserInfoTest@6cc4c815]" name="deleteUser" duration-ms="3050" depends-on-groups="loginTrue" started-at="2022-04-09T18:01:25 CST" description="删除用户信息" finished-at="2022-04-09T18:01:28 CST">
          <reporter-output>
          </reporter-output>
        </test-method> <!-- deleteUser -->
      </class> <!-- com.tester.cases.UpdateUserInfoTest -->
      <class name="com.tester.cases.GetUserInfoTest">
        <test-method status="PASS" signature="getUserInfo()[pri:0, instance:com.tester.cases.GetUserInfoTest@56f4468b]" name="getUserInfo" duration-ms="75" depends-on-groups="loginTrue" started-at="2022-04-09T18:01:22 CST" description="获取userID为1的用户信息" finished-at="2022-04-09T18:01:22 CST">
          <reporter-output>
          </reporter-output>
        </test-method> <!-- getUserInfo -->
      </class> <!-- com.tester.cases.GetUserInfoTest -->
      <class name="com.tester.cases.AddUserTest">
        <test-method status="FAIL" signature="addUser()[pri:0, instance:com.tester.cases.AddUserTest@5d5eef3d]" name="addUser" duration-ms="1058" depends-on-groups="loginTrue" started-at="2022-04-09T18:01:21 CST" description="添加用户接口测试" finished-at="2022-04-09T18:01:22 CST">
          <exception class="org.apache.ibatis.exceptions.TooManyResultsException">
            <message>
              <![CDATA[Expected one result (or null) to be returned by selectOne(), but found: 49]]>
            </message>
            <full-stacktrace>
              <![CDATA[org.apache.ibatis.exceptions.TooManyResultsException: Expected one result (or null) to be returned by selectOne(), but found: 49
at org.apache.ibatis.session.defaults.DefaultSqlSession.selectOne(DefaultSqlSession.java:81)
at com.tester.cases.AddUserTest.addUser(AddUserTest.java:43)
at sun.reflect.NativeMethodAccessorImpl.invoke0(Native Method)
at sun.reflect.NativeMethodAccessorImpl.invoke(NativeMethodAccessorImpl.java:62)
at sun.reflect.DelegatingMethodAccessorImpl.invoke(DelegatingMethodAccessorImpl.java:43)
at java.lang.reflect.Method.invoke(Method.java:498)
at org.testng.internal.invokers.MethodInvocationHelper.invokeMethod(MethodInvocationHelper.java:135)
at org.testng.internal.invokers.TestInvoker.invokeMethod(TestInvoker.java:673)
at org.testng.internal.invokers.TestInvoker.invokeTestMethod(TestInvoker.java:220)
at org.testng.internal.invokers.MethodRunner.runInSequence(MethodRunner.java:50)
at org.testng.internal.invokers.TestInvoker$MethodInvocationAgent.invoke(TestInvoker.java:945)
at org.testng.internal.invokers.TestInvoker.invokeTestMethods(TestInvoker.java:193)
at org.testng.internal.invokers.TestMethodWorker.invokeTestMethods(TestMethodWorker.java:146)
at org.testng.internal.invokers.TestMethodWorker.run(TestMethodWorker.java:128)
at java.util.ArrayList.forEach(ArrayList.java:1249)
at org.testng.TestRunner.privateRun(TestRunner.java:808)
at org.testng.TestRunner.run(TestRunner.java:603)
at org.testng.SuiteRunner.runTest(SuiteRunner.java:429)
at org.testng.SuiteRunner.runSequentially(SuiteRunner.java:423)
at org.testng.SuiteRunner.privateRun(SuiteRunner.java:383)
at org.testng.SuiteRunner.run(SuiteRunner.java:326)
at org.testng.SuiteRunnerWorker.runSuite(SuiteRunnerWorker.java:52)
at org.testng.SuiteRunnerWorker.run(SuiteRunnerWorker.java:95)
at org.testng.TestNG.runSuitesSequentially(TestNG.java:1249)
at org.testng.TestNG.runSuitesLocally(TestNG.java:1169)
at org.testng.TestNG.runSuites(TestNG.java:1092)
at org.testng.TestNG.run(TestNG.java:1060)
at com.TestRun.main(TestRun.java:56)
]]>
            </full-stacktrace>
          </exception> <!-- org.apache.ibatis.exceptions.TooManyResultsException -->
          <reporter-output>
          </reporter-output>
        </test-method> <!-- addUser -->
      </class> <!-- com.tester.cases.AddUserTest -->
    </test> <!-- 用户管理系统测试用例 -->
    <test name="用户管理系统测试用例222222222222222222" duration-ms="56" started-at="2022-04-09T18:01:28 CST" finished-at="2022-04-09T18:01:28 CST">
      <class name="com.tester.cases.LoginTest">
        <test-method status="PASS" signature="beforeTest()[pri:0, instance:com.tester.cases.LoginTest@26be92ad]" name="beforeTest" is-config="true" duration-ms="0" started-at="2022-04-09T18:01:28 CST" finished-at="2022-04-09T18:01:28 CST">
          <reporter-output>
          </reporter-output>
        </test-method> <!-- beforeTest -->
        <test-method status="PASS" signature="loginTrue()[pri:0, instance:com.tester.cases.LoginTest@26be92ad]" name="loginTrue" duration-ms="25" started-at="2022-04-09T18:01:28 CST" description="用户成功登陆接口" finished-at="2022-04-09T18:01:28 CST">
          <reporter-output>
          </reporter-output>
        </test-method> <!-- loginTrue -->
        <test-method status="PASS" signature="loginFalse()[pri:0, instance:com.tester.cases.LoginTest@26be92ad]" name="loginFalse" duration-ms="30" started-at="2022-04-09T18:01:28 CST" description="用户登陆失败接口" finished-at="2022-04-09T18:01:28 CST">
          <reporter-output>
          </reporter-output>
        </test-method> <!-- loginFalse -->
      </class> <!-- com.tester.cases.LoginTest -->
    </test> <!-- 用户管理系统测试用例222222222222222222 -->
  </suite> <!-- 用户管理系统测试套件 -->
</testng-results>
