<?xml version="1.0" encoding="UTF-8"?>
<!-- Generated by org.testng.reporters.JUnitXMLReporter -->
<testsuite hostname="DESKTOP-70I24VD" ignored="1" name="用户管理系统测试用例" tests="6" failures="1" timestamp="2022-04-07T19:08:08 CST" time="7.977" errors="0">
  <testcase name="loginTrue" time="0.719" classname="com.tester.cases.LoginTest"/>
  <testcase name="loginFalse" time="0.035" classname="com.tester.cases.LoginTest"/>
  <testcase name="addUser" time="1.038" classname="com.tester.cases.AddUserTest">
    <failure type="org.apache.ibatis.exceptions.TooManyResultsException" message="Expected one result (or null) to be returned by selectOne(), but found: 48">
      <![CDATA[org.apache.ibatis.exceptions.TooManyResultsException: Expected one result (or null) to be returned by selectOne(), but found: 48
at org.apache.ibatis.session.defaults.DefaultSqlSession.selectOne(DefaultSqlSession.java:81)
at com.tester.cases.AddUserTest.addUser(AddUserTest.java:43)
at java.util.ArrayList.forEach(ArrayList.java:1249)
at com.TestRun.main(TestRun.java:56)
... Removed 24 stack frames]]>
    </failure>
  </testcase> <!-- addUser -->
  <testcase name="getUserInfo" time="0.03" classname="com.tester.cases.GetUserInfoTest"/>
  <testcase name="updateUserInfo" time="3.06" classname="com.tester.cases.UpdateUserInfoTest"/>
  <testcase name="deleteUser" time="3.045" classname="com.tester.cases.UpdateUserInfoTest"/>
  <testcase name="GetUserListInfo" time="0.0" classname="com.tester.cases.GetUserInfoListTest">
    <ignored/>
  </testcase> <!-- GetUserListInfo -->
</testsuite> <!-- 用户管理系统测试用例 -->
